Build started 30/6/2019 8:04:29 PM.
     1>Project "C:\Users\amirulashraf\Documents\Visual Studio 2010\Projects\MFCDemo\MFCDemo\MFCDemo.vcxproj" on node 2 (build target(s)).
     1>InitializeBuildStatus:
         Touching "Debug\MFCDemo.unsuccessfulbuild".
       ClCompile:
         All outputs are up-to-date.
         C:\Program Files (x86)\Microsoft Visual Studio 10.0\VC\bin\CL.exe /c /ZI /nologo /W3 /WX- /Od /Oy- /D WIN32 /D _WINDOWS /D _DEBUG /D _UNICODE /D UNICODE /D _AFXDLL /Gm /EHsc /RTC1 /MDd /GS /fp:precise /Zc:wchar_t /Zc:forScope /Yu"StdAfx.h" /Fp"Debug\MFCDemo.pch" /Fo"Debug\\" /Fd"Debug\vc100.pdb" /Gd /TP /analyze- /errorReport:prompt MFCDemoDlg.cpp
         MFCDemoDlg.cpp
       ResourceCompile:
         All outputs are up-to-date.
       ManifestResourceCompile:
         All outputs are up-to-date.
       Link:
         C:\Program Files (x86)\Microsoft Visual Studio 10.0\VC\bin\link.exe /ERRORREPORT:PROMPT /OUT:"C:\Users\amirulashraf\Documents\Visual Studio 2010\Projects\MFCDemo\Debug\MFCDemo.exe" /INCREMENTAL /NOLOGO /MANIFEST /ManifestFile:"Debug\MFCDemo.exe.intermediate.manifest" /MANIFESTUAC:"level='asInvoker' uiAccess='false'" /DEBUG /PDB:"C:\Users\amirulashraf\Documents\Visual Studio 2010\Projects\MFCDemo\Debug\MFCDemo.pdb" /SUBSYSTEM:WINDOWS /TLBID:1 /ENTRY:"wWinMainCRTStartup" /DYNAMICBASE /NXCOMPAT /IMPLIB:"C:\Users\amirulashraf\Documents\Visual Studio 2010\Projects\MFCDemo\Debug\MFCDemo.lib" /MACHINE:X86 Debug\MFCDemo.res
         Debug\MFCDemo.exe.embed.manifest.res
         Debug\MFCDemo.obj
         Debug\MFCDemoDlg.obj
         Debug\stdafx.obj
       Manifest:
         C:\Program Files (x86)\Microsoft SDKs\Windows\v7.0A\bin\mt.exe /nologo /verbose /out:"Debug\MFCDemo.exe.embed.manifest" /manifest Debug\MFCDemo.exe.intermediate.manifest "C:\Program Files (x86)\Microsoft Visual Studio 10.0\VC\Include\Manifest\dpiaware.manifest"
         All outputs are up-to-date.
       LinkEmbedManifest:
         All outputs are up-to-date.
         MFCDemo.vcxproj -> C:\Users\amirulashraf\Documents\Visual Studio 2010\Projects\MFCDemo\Debug\MFCDemo.exe
       FinalizeBuildStatus:
         Deleting file "Debug\MFCDemo.unsuccessfulbuild".
         Touching "Debug\MFCDemo.lastbuildstate".
     1>Done Building Project "C:\Users\amirulashraf\Documents\Visual Studio 2010\Projects\MFCDemo\MFCDemo\MFCDemo.vcxproj" (build target(s)).

Build succeeded.

Time Elapsed 00:00:01.61
